Some weights of the model checkpoint at roberta-base were not used when initializing RobertaForSequenceClassification: ['lm_head.dense.bias', 'lm_head.dense.weight', 'lm_head.layer_norm.bias', 'lm_head.decoder.weight', 'lm_head.layer_norm.weight', 'roberta.pooler.dense.weight', 'lm_head.bias', 'roberta.pooler.dense.bias']
- This IS expected if you are initializing RobertaForSequenceClassification from the checkpoint of a model trained on another task or with another architecture (e.g. initializing a BertForSequenceClassification model from a BertForPreTraining model).
- This IS NOT expected if you are initializing RobertaForSequenceClassification from the checkpoint of a model that you expect to be exactly identical (initializing a BertForSequenceClassification model from a BertForSequenceClassification model).
Some weights of RobertaForSequenceClassification were not initialized from the model checkpoint at roberta-base and are newly initialized: ['classifier.out_proj.weight', 'classifier.dense.bias', 'classifier.dense.weight', 'classifier.out_proj.bias']
You should probably TRAIN this model on a down-stream task to be able to use it for predictions and inference.
/usr/local/lib/python3.6/dist-packages/torch/nn/functional.py:2398: UserWarning: reduction: 'mean' divides the total loss by both the batch size and the support size.'batchmean' divides only by the batch size, and aligns with the KL div math definition.'mean' will be changed to behave the same as 'batchmean' in the next major release.
  warnings.warn("reduction: 'mean' divides the total loss by both the batch size and the support size."
Using RobertaForSequenceClassification ...
Vocab size: 50265
Load weight patial done !
Loading Pretain Model done!
Freeze Backboned layers
len : 202
classifier.dense.weight
classifier.dense.bias
classifier.out_proj.weight
classifier.out_proj.bias
dataset : CLINC150
len of datasets : 750
the numbers of intents 150
self.len_data  750
self.len data 16
46
the number of maximum of batching : 47
DataLoader Done !
lamda : 0.05
temperature : 0.3
name on tensorboard: Load=True_roberta-base_01_12_2021_17:19_B=16_lr _5e-06_lambda=0.05_temp=0.3
[1,    10] loss_total: 4.103 loss_supervised_contrasive:  4.103 loss_intent :0.001 
skip_time: 0
total : 10
[1,    20] loss_total: 3.664 loss_supervised_contrasive:  7.767 loss_intent :0.001 
skip_time: 0
total : 20
[1,    30] loss_total: 2.661 loss_supervised_contrasive:  10.427 loss_intent :0.001 
skip_time: 0
total : 30
[1,    40] loss_total: 3.417 loss_supervised_contrasive:  13.843 loss_intent :0.001 
skip_time: 0
total : 40
no positive pairs !
skip this batch
no positive pairs !
skip this batch
no positive pairs !
skip this batch
no positive pairs !
skip this batch
no positive pairs !
skip this batch
no positive pairs !
skip this batch
no positive pairs !
skip this batch
no positive pairs !
skip this batch
no positive pairs !
skip this batch
no positive pairs !
skip this batch
no positive pairs !
skip this batch
no positive pairs !
skip this batch
no positive pairs !
skip this batch
no positive pairs !
skip this batch
[2,    20] loss_total: 3.160 loss_supervised_contrasive:  3.160 loss_intent :0.001 
skip_time: 14
total : 67
no positive pairs !
skip this batch
no positive pairs !
skip this batch
no positive pairs !
skip this batch
no positive pairs !
skip this batch
[2,    30] loss_total: 2.350 loss_supervised_contrasive:  5.509 loss_intent :0.001 
skip_time: 18
total : 77
no positive pairs !
skip this batch
no positive pairs !
skip this batch
no positive pairs !
skip this batch
no positive pairs !
skip this batch
no positive pairs !
skip this batch
no positive pairs !
skip this batch
no positive pairs !
skip this batch
no positive pairs !
skip this batch
no positive pairs !
skip this batch
[3,    10] loss_total: 2.378 loss_supervised_contrasive:  2.378 loss_intent :0.001 
skip_time: 27
total : 104
no positive pairs !
skip this batch
no positive pairs !
skip this batch
no positive pairs !
skip this batch
no positive pairs !
skip this batch
no positive pairs !
skip this batch
no positive pairs !
skip this batch
no positive pairs !
skip this batch
no positive pairs !
skip this batch
no positive pairs !
skip this batch
no positive pairs !
skip this batch
no positive pairs !
skip this batch
[3,    40] loss_total: 8.072 loss_supervised_contrasive:  10.450 loss_intent :0.001 
skip_time: 38
total : 134
no positive pairs !
skip this batch
no positive pairs !
skip this batch
no positive pairs !
skip this batch
no positive pairs !
skip this batch
no positive pairs !
skip this batch
no positive pairs !
skip this batch
[4,    10] loss_total: 3.049 loss_supervised_contrasive:  3.048 loss_intent :0.001 
skip_time: 44
total : 151
no positive pairs !
skip this batch
[4,    20] loss_total: 2.606 loss_supervised_contrasive:  5.654 loss_intent :0.001 
skip_time: 45
total : 161
no positive pairs !
skip this batch
no positive pairs !
skip this batch
no positive pairs !
skip this batch
no positive pairs !
skip this batch
[4,    30] loss_total: 1.552 loss_supervised_contrasive:  7.206 loss_intent :0.001 
skip_time: 49
total : 171
no positive pairs !
skip this batch
no positive pairs !
skip this batch
no positive pairs !
skip this batch
[4,    40] loss_total: 2.599 loss_supervised_contrasive:  9.805 loss_intent :0.001 
skip_time: 52
total : 181
no positive pairs !
skip this batch
no positive pairs !
skip this batch
no positive pairs !
skip this batch
[5,    10] loss_total: 3.520 loss_supervised_contrasive:  3.520 loss_intent :0.001 
skip_time: 55
total : 198
no positive pairs !
skip this batch
no positive pairs !
skip this batch
no positive pairs !
skip this batch
[5,    20] loss_total: 1.874 loss_supervised_contrasive:  5.394 loss_intent :0.001 
skip_time: 58
total : 208
no positive pairs !
skip this batch
no positive pairs !
skip this batch
no positive pairs !
skip this batch
no positive pairs !
skip this batch
[5,    30] loss_total: 2.290 loss_supervised_contrasive:  7.683 loss_intent :0.001 
skip_time: 62
total : 218
no positive pairs !
skip this batch
no positive pairs !
skip this batch
[5,    40] loss_total: 2.625 loss_supervised_contrasive:  10.308 loss_intent :0.001 
skip_time: 64
total : 228
no positive pairs !
skip this batch
no positive pairs !
skip this batch
no positive pairs !
skip this batch
no positive pairs !
skip this batch
no positive pairs !
skip this batch
no positive pairs !
skip this batch
no positive pairs !
skip this batch
[6,    10] loss_total: 2.348 loss_supervised_contrasive:  2.348 loss_intent :0.001 
skip_time: 71
total : 245
no positive pairs !
skip this batch
no positive pairs !
skip this batch
no positive pairs !
skip this batch
[6,    20] loss_total: 2.646 loss_supervised_contrasive:  4.993 loss_intent :0.001 
skip_time: 74
total : 255
no positive pairs !
skip this batch
[6,    30] loss_total: 2.876 loss_supervised_contrasive:  7.868 loss_intent :0.001 
skip_time: 75
total : 265
no positive pairs !
skip this batch
no positive pairs !
skip this batch
no positive pairs !
skip this batch
[6,    40] loss_total: 2.211 loss_supervised_contrasive:  10.080 loss_intent :0.001 
skip_time: 78
total : 275
no positive pairs !
skip this batch
no positive pairs !
skip this batch
no positive pairs !
skip this batch
[7,    10] loss_total: 2.753 loss_supervised_contrasive:  2.753 loss_intent :0.001 
skip_time: 81
total : 292
no positive pairs !
skip this batch
no positive pairs !
skip this batch
no positive pairs !
skip this batch
no positive pairs !
skip this batch
no positive pairs !
skip this batch
no positive pairs !
skip this batch
[7,    40] loss_total: 8.688 loss_supervised_contrasive:  11.440 loss_intent :0.001 
skip_time: 87
total : 322
no positive pairs !
skip this batch
no positive pairs !
skip this batch
[8,    10] loss_total: 4.457 loss_supervised_contrasive:  4.456 loss_intent :0.001 
skip_time: 89
total : 339
no positive pairs !
skip this batch
[8,    20] loss_total: 3.160 loss_supervised_contrasive:  7.616 loss_intent :0.001 
skip_time: 90
total : 349
[8,    30] loss_total: 3.014 loss_supervised_contrasive:  10.630 loss_intent :0.001 
skip_time: 90
total : 359
[8,    40] loss_total: 4.300 loss_supervised_contrasive:  14.930 loss_intent :0.001 
skip_time: 90
total : 369
[9,    10] loss_total: 3.046 loss_supervised_contrasive:  3.045 loss_intent :0.001 
skip_time: 90
total : 386
[9,    20] loss_total: 2.860 loss_supervised_contrasive:  5.905 loss_intent :0.001 
skip_time: 90
total : 396
[9,    30] loss_total: 3.575 loss_supervised_contrasive:  9.480 loss_intent :0.001 
skip_time: 90
total : 406
[9,    40] loss_total: 3.349 loss_supervised_contrasive:  12.828 loss_intent :0.001 
skip_time: 90
total : 416
no positive pairs !
skip this batch
no positive pairs !
skip this batch
no positive pairs !
skip this batch
no positive pairs !
skip this batch
no positive pairs !
skip this batch
no positive pairs !
skip this batch
no positive pairs !
skip this batch
no positive pairs !
skip this batch
no positive pairs !
skip this batch
no positive pairs !
skip this batch
no positive pairs !
skip this batch
no positive pairs !
skip this batch
no positive pairs !
skip this batch
no positive pairs !
skip this batch
no positive pairs !
skip this batch
no positive pairs !
skip this batch
no positive pairs !
skip this batch
no positive pairs !
skip this batch
no positive pairs !
skip this batch
no positive pairs !
skip this batch
no positive pairs !
skip this batch
no positive pairs !
skip this batch
no positive pairs !
skip this batch
no positive pairs !
skip this batch
no positive pairs !
skip this batch
no positive pairs !
skip this batch
no positive pairs !
skip this batch
[11,    20] loss_total: 5.398 loss_supervised_contrasive:  5.397 loss_intent :0.001 
skip_time: 117
total : 490
no positive pairs !
skip this batch
no positive pairs !
skip this batch
no positive pairs !
skip this batch
no positive pairs !
skip this batch
no positive pairs !
skip this batch
no positive pairs !
skip this batch
no positive pairs !
skip this batch
no positive pairs !
skip this batch
no positive pairs !
skip this batch
no positive pairs !
skip this batch
no positive pairs !
skip this batch
no positive pairs !
skip this batch
no positive pairs !
skip this batch
no positive pairs !
skip this batch
no positive pairs !
skip this batch
no positive pairs !
skip this batch
no positive pairs !
skip this batch
[12,    20] loss_total: 6.450 loss_supervised_contrasive:  6.449 loss_intent :0.001 
skip_time: 134
total : 537
no positive pairs !
skip this batch
no positive pairs !
skip this batch
no positive pairs !
skip this batch
no positive pairs !
skip this batch
no positive pairs !
skip this batch
no positive pairs !
skip this batch
no positive pairs !
skip this batch
no positive pairs !
skip this batch
no positive pairs !
skip this batch
no positive pairs !
skip this batch
no positive pairs !
skip this batch
[13,    10] loss_total: 2.241 loss_supervised_contrasive:  2.240 loss_intent :0.001 
skip_time: 145
total : 574
no positive pairs !
skip this batch
no positive pairs !
skip this batch
no positive pairs !
skip this batch
no positive pairs !
skip this batch
[13,    20] loss_total: 2.025 loss_supervised_contrasive:  4.265 loss_intent :0.001 
skip_time: 149
total : 584
no positive pairs !
skip this batch
no positive pairs !
skip this batch
[13,    30] loss_total: 2.623 loss_supervised_contrasive:  6.888 loss_intent :0.001 
skip_time: 151
total : 594
no positive pairs !
skip this batch
no positive pairs !
skip this batch
no positive pairs !
skip this batch
[13,    40] loss_total: 2.766 loss_supervised_contrasive:  9.654 loss_intent :0.001 
skip_time: 154
total : 604
no positive pairs !
skip this batch
no positive pairs !
skip this batch
no positive pairs !
skip this batch
no positive pairs !
skip this batch
no positive pairs !
skip this batch
no positive pairs !
skip this batch
[14,    10] loss_total: 2.115 loss_supervised_contrasive:  2.114 loss_intent :0.001 
skip_time: 160
total : 621
no positive pairs !
skip this batch
no positive pairs !
skip this batch
no positive pairs !
skip this batch
[14,    20] loss_total: 2.230 loss_supervised_contrasive:  4.344 loss_intent :0.001 
skip_time: 163
total : 631
no positive pairs !
skip this batch
no positive pairs !
skip this batch
[14,    30] loss_total: 3.577 loss_supervised_contrasive:  7.921 loss_intent :0.001 
skip_time: 165
total : 641
no positive pairs !
skip this batch
no positive pairs !
skip this batch
no positive pairs !
skip this batch
no positive pairs !
skip this batch
no positive pairs !
skip this batch
[15,    10] loss_total: 2.907 loss_supervised_contrasive:  2.906 loss_intent :0.001 
skip_time: 170
total : 668
no positive pairs !
skip this batch
[15,    30] loss_total: 5.094 loss_supervised_contrasive:  7.999 loss_intent :0.001 
skip_time: 171
total : 688
no positive pairs !
skip this batch
no positive pairs !
skip this batch
[16,    10] loss_total: 2.508 loss_supervised_contrasive:  2.507 loss_intent :0.001 
skip_time: 173
total : 715
[16,    20] loss_total: 4.008 loss_supervised_contrasive:  6.516 loss_intent :0.001 
skip_time: 173
total : 725
[16,    30] loss_total: 4.127 loss_supervised_contrasive:  10.643 loss_intent :0.001 
skip_time: 173
total : 735
[16,    40] loss_total: 2.471 loss_supervised_contrasive:  13.113 loss_intent :0.001 
skip_time: 173
total : 745
[17,    10] loss_total: 2.575 loss_supervised_contrasive:  2.575 loss_intent :0.001 
skip_time: 173
total : 762
[17,    20] loss_total: 3.716 loss_supervised_contrasive:  6.290 loss_intent :0.001 
skip_time: 173
total : 772
[17,    30] loss_total: 2.847 loss_supervised_contrasive:  9.136 loss_intent :0.001 
skip_time: 173
total : 782
[17,    40] loss_total: 3.298 loss_supervised_contrasive:  12.434 loss_intent :0.001 
skip_time: 173
total : 792
no positive pairs !
skip this batch
no positive pairs !
skip this batch
no positive pairs !
skip this batch
no positive pairs !
skip this batch
no positive pairs !
skip this batch
no positive pairs !
skip this batch
no positive pairs !
skip this batch
no positive pairs !
skip this batch
no positive pairs !
skip this batch
[18,    20] loss_total: 5.156 loss_supervised_contrasive:  5.156 loss_intent :0.001 
skip_time: 182
total : 819
no positive pairs !
skip this batch
no positive pairs !
skip this batch
no positive pairs !
skip this batch
no positive pairs !
skip this batch
no positive pairs !
skip this batch
no positive pairs !
skip this batch
no positive pairs !
skip this batch
no positive pairs !
skip this batch
no positive pairs !
skip this batch
no positive pairs !
skip this batch
no positive pairs !
skip this batch
no positive pairs !
skip this batch
no positive pairs !
skip this batch
no positive pairs !
skip this batch
no positive pairs !
skip this batch
no positive pairs !
skip this batch
no positive pairs !
skip this batch
no positive pairs !
skip this batch
no positive pairs !
skip this batch
no positive pairs !
skip this batch
[19,    10] loss_total: 2.469 loss_supervised_contrasive:  2.469 loss_intent :0.001 
skip_time: 202
total : 856
no positive pairs !
skip this batch
[19,    20] loss_total: 4.023 loss_supervised_contrasive:  6.491 loss_intent :0.001 
skip_time: 203
total : 866
no positive pairs !
skip this batch
no positive pairs !
skip this batch
[19,    30] loss_total: 2.849 loss_supervised_contrasive:  9.340 loss_intent :0.001 
skip_time: 205
total : 876
no positive pairs !
skip this batch
no positive pairs !
skip this batch
no positive pairs !
skip this batch
[19,    40] loss_total: 2.923 loss_supervised_contrasive:  12.262 loss_intent :0.001 
skip_time: 208
total : 886
no positive pairs !
skip this batch
no positive pairs !
skip this batch
no positive pairs !
skip this batch
no positive pairs !
skip this batch
no positive pairs !
skip this batch
no positive pairs !
skip this batch
no positive pairs !
skip this batch
no positive pairs !
skip this batch
[20,    10] loss_total: 2.299 loss_supervised_contrasive:  2.298 loss_intent :0.001 
skip_time: 216
total : 903
no positive pairs !
skip this batch
[20,    20] loss_total: 4.040 loss_supervised_contrasive:  6.338 loss_intent :0.001 
skip_time: 217
total : 913
no positive pairs !
skip this batch
no positive pairs !
skip this batch
no positive pairs !
skip this batch
no positive pairs !
skip this batch
no positive pairs !
skip this batch
no positive pairs !
skip this batch
no positive pairs !
skip this batch
no positive pairs !
skip this batch
no positive pairs !
skip this batch
no positive pairs !
skip this batch
[20,    40] loss_total: 3.291 loss_supervised_contrasive:  9.629 loss_intent :0.001 
skip_time: 227
total : 933
no positive pairs !
skip this batch
no positive pairs !
skip this batch
no positive pairs !
skip this batch
no positive pairs !
skip this batch
no positive pairs !
skip this batch
no positive pairs !
skip this batch
no positive pairs !
skip this batch
no positive pairs !
skip this batch
[21,    10] loss_total: 1.863 loss_supervised_contrasive:  1.863 loss_intent :0.001 
skip_time: 235
total : 950
no positive pairs !
skip this batch
no positive pairs !
skip this batch
no positive pairs !
skip this batch
[21,    20] loss_total: 1.456 loss_supervised_contrasive:  3.318 loss_intent :0.001 
skip_time: 238
total : 960
no positive pairs !
skip this batch
no positive pairs !
skip this batch
no positive pairs !
skip this batch
no positive pairs !
skip this batch
no positive pairs !
skip this batch
no positive pairs !
skip this batch
no positive pairs !
skip this batch
[21,    40] loss_total: 4.483 loss_supervised_contrasive:  7.801 loss_intent :0.001 
skip_time: 245
total : 980
no positive pairs !
skip this batch
no positive pairs !
skip this batch
no positive pairs !
skip this batch
no positive pairs !
skip this batch
no positive pairs !
skip this batch
no positive pairs !
skip this batch
[22,    10] loss_total: 3.073 loss_supervised_contrasive:  3.073 loss_intent :0.001 
skip_time: 251
total : 997
[22,    20] loss_total: 2.951 loss_supervised_contrasive:  6.023 loss_intent :0.001 
skip_time: 251
total : 1007
[22,    30] loss_total: 4.669 loss_supervised_contrasive:  10.692 loss_intent :0.001 
skip_time: 251
total : 1017
no positive pairs !
skip this batch
no positive pairs !
skip this batch
no positive pairs !
skip this batch
no positive pairs !
skip this batch
[22,    40] loss_total: 1.844 loss_supervised_contrasive:  12.536 loss_intent :0.001 
skip_time: 255
total : 1027
no positive pairs !
skip this batch
no positive pairs !
skip this batch
no positive pairs !
skip this batch
[23,    10] loss_total: 2.861 loss_supervised_contrasive:  2.860 loss_intent :0.001 
skip_time: 258
total : 1044
no positive pairs !
skip this batch
no positive pairs !
skip this batch
no positive pairs !
skip this batch
[23,    20] loss_total: 2.231 loss_supervised_contrasive:  5.091 loss_intent :0.001 
skip_time: 261
total : 1054
no positive pairs !
skip this batch
no positive pairs !
skip this batch
no positive pairs !
skip this batch
no positive pairs !
skip this batch
[23,    30] loss_total: 2.423 loss_supervised_contrasive:  7.514 loss_intent :0.001 
skip_time: 265
total : 1064
no positive pairs !
skip this batch
no positive pairs !
skip this batch
[23,    40] loss_total: 1.338 loss_supervised_contrasive:  8.851 loss_intent :0.001 
skip_time: 267
total : 1074
no positive pairs !
skip this batch
[24,    10] loss_total: 5.196 loss_supervised_contrasive:  5.196 loss_intent :0.001 
skip_time: 268
total : 1091
[24,    20] loss_total: 2.839 loss_supervised_contrasive:  8.034 loss_intent :0.001 
skip_time: 268
total : 1101
no positive pairs !
skip this batch
[24,    30] loss_total: 4.267 loss_supervised_contrasive:  12.301 loss_intent :0.001 
skip_time: 269
total : 1111
[24,    40] loss_total: 2.442 loss_supervised_contrasive:  14.743 loss_intent :0.001 
skip_time: 269
total : 1121
no positive pairs !
skip this batch
no positive pairs !
skip this batch
[25,    10] loss_total: 3.665 loss_supervised_contrasive:  3.664 loss_intent :0.001 
skip_time: 271
total : 1138
[25,    20] loss_total: 3.466 loss_supervised_contrasive:  7.130 loss_intent :0.001 
skip_time: 271
total : 1148
[25,    30] loss_total: 3.569 loss_supervised_contrasive:  10.699 loss_intent :0.001 
skip_time: 271
total : 1158
[25,    40] loss_total: 1.807 loss_supervised_contrasive:  12.505 loss_intent :0.001 
skip_time: 271
total : 1168
no positive pairs !
skip this batch
no positive pairs !
skip this batch
no positive pairs !
skip this batch
no positive pairs !
skip this batch
no positive pairs !
skip this batch
no positive pairs !
skip this batch
no positive pairs !
skip this batch
no positive pairs !
skip this batch
no positive pairs !
skip this batch
no positive pairs !
skip this batch
no positive pairs !
skip this batch
no positive pairs !
skip this batch
no positive pairs !
skip this batch
no positive pairs !
skip this batch
no positive pairs !
skip this batch
no positive pairs !
skip this batch
no positive pairs !
skip this batch
no positive pairs !
skip this batch
no positive pairs !
skip this batch
no positive pairs !
skip this batch
no positive pairs !
skip this batch
no positive pairs !
skip this batch
no positive pairs !
skip this batch
no positive pairs !
skip this batch
no positive pairs !
skip this batch
no positive pairs !
skip this batch
no positive pairs !
skip this batch
no positive pairs !
skip this batch
no positive pairs !
skip this batch
no positive pairs !
skip this batch
no positive pairs !
skip this batch
no positive pairs !
skip this batch
no positive pairs !
skip this batch
[27,    20] loss_total: 5.290 loss_supervised_contrasive:  5.289 loss_intent :0.001 
skip_time: 304
total : 1242
no positive pairs !
skip this batch
no positive pairs !
skip this batch
[27,    30] loss_total: 3.750 loss_supervised_contrasive:  9.039 loss_intent :0.001 
skip_time: 306
total : 1252
no positive pairs !
skip this batch
no positive pairs !
skip this batch
no positive pairs !
skip this batch
[27,    40] loss_total: 2.892 loss_supervised_contrasive:  11.931 loss_intent :0.001 
skip_time: 309
total : 1262
no positive pairs !
skip this batch
no positive pairs !
skip this batch
no positive pairs !
skip this batch
no positive pairs !
skip this batch
no positive pairs !
skip this batch
no positive pairs !
skip this batch
no positive pairs !
skip this batch
no positive pairs !
skip this batch
no positive pairs !
skip this batch
[28,    20] loss_total: 4.270 loss_supervised_contrasive:  4.270 loss_intent :0.001 
skip_time: 318
total : 1289
no positive pairs !
skip this batch
no positive pairs !
skip this batch
no positive pairs !
skip this batch
no positive pairs !
skip this batch
no positive pairs !
skip this batch
[28,    30] loss_total: 1.973 loss_supervised_contrasive:  6.242 loss_intent :0.001 
skip_time: 323
total : 1299
no positive pairs !
skip this batch
no positive pairs !
skip this batch
no positive pairs !
skip this batch
[28,    40] loss_total: 3.206 loss_supervised_contrasive:  9.448 loss_intent :0.001 
skip_time: 326
total : 1309
no positive pairs !
skip this batch
no positive pairs !
skip this batch
no positive pairs !
skip this batch
no positive pairs !
skip this batch
no positive pairs !
skip this batch
no positive pairs !
skip this batch
[29,    10] loss_total: 2.995 loss_supervised_contrasive:  2.995 loss_intent :0.001 
skip_time: 332
total : 1326
no positive pairs !
skip this batch
[29,    20] loss_total: 3.564 loss_supervised_contrasive:  6.559 loss_intent :0.001 
skip_time: 333
total : 1336
no positive pairs !
skip this batch
no positive pairs !
skip this batch
[29,    30] loss_total: 2.361 loss_supervised_contrasive:  8.919 loss_intent :0.001 
skip_time: 335
total : 1346
no positive pairs !
skip this batch
no positive pairs !
skip this batch
no positive pairs !
skip this batch
no positive pairs !
skip this batch
no positive pairs !
skip this batch
no positive pairs !
skip this batch
no positive pairs !
skip this batch
no positive pairs !
skip this batch
no positive pairs !
skip this batch
[30,    10] loss_total: 2.228 loss_supervised_contrasive:  2.227 loss_intent :0.001 
skip_time: 344
total : 1373
no positive pairs !
skip this batch
no positive pairs !
skip this batch
no positive pairs !
skip this batch
no positive pairs !
skip this batch
no positive pairs !
skip this batch
[30,    30] loss_total: 4.785 loss_supervised_contrasive:  7.012 loss_intent :0.001 
skip_time: 349
total : 1393
no positive pairs !
skip this batch
[30,    40] loss_total: 4.129 loss_supervised_contrasive:  11.141 loss_intent :0.001 
skip_time: 350
total : 1403
no positive pairs !
skip this batch
no positive pairs !
skip this batch
no positive pairs !
skip this batch
deleate logger for one combination
../../models/Load=True_roberta-base_B=16_lr=5e-06_01_12_2021_17:19.pth
Finished Training
Saving Done !
