name on tensorboard: Load=False_roberta-base_07_12_2021_13:54_B=16_lr _5e-06_lambda=1.0_temp=0.1
Combine datasets !
Combine datasets !
Combine dataset done !: 50138
Combine validation !: 6816
len of examples 317
len of validation 308
Vocab size: 50265
1670
the number of maximum of batching : 1670
354
the number of maximum of batching : 355
DataLoader Done !
[1,    10] loss_total: 48.157
[1,    20] loss_total: 33.781
[1,    30] loss_total: 29.337
[1,    40] loss_total: 23.687
[1,    50] loss_total: 18.589
[1,    60] loss_total: 12.833
[1,    70] loss_total: 12.146
[1,    80] loss_total: 9.779
[1,    90] loss_total: 0.072
[1,   100] loss_total: 0.284
[1,   110] loss_total: -9.220
[1,   120] loss_total: -11.179
[1,   130] loss_total: -12.018
[1,   140] loss_total: -18.737
[1,   150] loss_total: -20.304
[1,   160] loss_total: -21.632
[1,   170] loss_total: -27.169
[1,   180] loss_total: -24.222
[1,   190] loss_total: -24.684
[1,   200] loss_total: -20.212
[1,   210] loss_total: -32.240
[1,   220] loss_total: -45.851
[1,   230] loss_total: -42.133
[1,   240] loss_total: -29.152
[1,   250] loss_total: -49.480
[1,   260] loss_total: -30.128
[1,   270] loss_total: -44.708
[1,   280] loss_total: -34.892
[1,   290] loss_total: -37.587
[1,   300] loss_total: -73.098
[1,   310] loss_total: -51.810
[1,   320] loss_total: -42.457
[1,   330] loss_total: -45.741
[1,   340] loss_total: -46.856
[1,   350] loss_total: -53.719
[1,   360] loss_total: -50.084
[1,   370] loss_total: -51.311
[1,   380] loss_total: -50.740
[1,   390] loss_total: -52.468
[1,   400] loss_total: -42.647
[1,   410] loss_total: -53.495
[1,   420] loss_total: -63.273
[1,   430] loss_total: -56.852
[1,   440] loss_total: -53.918
[1,   450] loss_total: -48.364
[1,   460] loss_total: -75.274
[1,   470] loss_total: -31.521
[1,   480] loss_total: -67.327
[1,   490] loss_total: -54.262
[1,   500] loss_total: -49.927
[1,   510] loss_total: -68.777
[1,   520] loss_total: -56.272
[1,   530] loss_total: -39.253
[1,   540] loss_total: -74.701
[1,   550] loss_total: -42.530
[1,   560] loss_total: -50.685
[1,   570] loss_total: -73.140
[1,   580] loss_total: -55.564
[1,   590] loss_total: -57.677
[1,   600] loss_total: -60.254
[1,   610] loss_total: -41.377
[1,   620] loss_total: -46.969
[1,   630] loss_total: -56.219
[1,   640] loss_total: -51.924
[1,   650] loss_total: -44.746
[1,   660] loss_total: -51.722
[1,   670] loss_total: -73.044
[1,   680] loss_total: -57.440
[1,   690] loss_total: -74.204
[1,   700] loss_total: -77.178
[1,   710] loss_total: -63.114
[1,   720] loss_total: -89.476
[1,   730] loss_total: -71.914
[1,   740] loss_total: -68.349
[1,   750] loss_total: -69.276
[1,   760] loss_total: -61.342
[1,   770] loss_total: -78.753
[1,   780] loss_total: -67.906
[1,   790] loss_total: -68.035
[1,   800] loss_total: -56.444
[1,   810] loss_total: -51.770
[1,   820] loss_total: -61.103
[1,   830] loss_total: -67.067
[1,   840] loss_total: -67.865
[1,   850] loss_total: -66.860
[1,   860] loss_total: -52.269
[1,   870] loss_total: -57.514
[1,   880] loss_total: -59.685
[1,   890] loss_total: -72.557
[1,   900] loss_total: -79.113
[1,   910] loss_total: -74.097
[1,   920] loss_total: -69.436
[1,   930] loss_total: -54.863
[1,   940] loss_total: -78.182
[1,   950] loss_total: -77.673
[1,   960] loss_total: -75.723
[1,   970] loss_total: -57.728
[1,   980] loss_total: -68.515
[1,   990] loss_total: -73.487
[1,  1000] loss_total: -53.107
[1,  1010] loss_total: -54.544
[1,  1020] loss_total: -65.740
[1,  1030] loss_total: -65.906
[1,  1040] loss_total: -79.145
[1,  1050] loss_total: -71.996
[1,  1060] loss_total: -57.654
[1,  1070] loss_total: -59.907
[1,  1080] loss_total: -74.902
[1,  1090] loss_total: -50.776
[1,  1100] loss_total: -59.106
[1,  1110] loss_total: -70.033
[1,  1120] loss_total: -89.028
[1,  1130] loss_total: -59.923
[1,  1140] loss_total: -68.983
[1,  1150] loss_total: -72.560
[1,  1160] loss_total: -74.143
[1,  1170] loss_total: -78.380
[1,  1180] loss_total: -66.794
[1,  1190] loss_total: -51.419
[1,  1200] loss_total: -53.251
[1,  1210] loss_total: -63.938
[1,  1220] loss_total: -60.591
[1,  1230] loss_total: -70.826
[1,  1240] loss_total: -77.159
[1,  1250] loss_total: -63.340
[1,  1260] loss_total: -66.392
[1,  1270] loss_total: -69.332
[1,  1280] loss_total: -97.131
[1,  1290] loss_total: -48.329
[1,  1300] loss_total: -76.726
[1,  1310] loss_total: -70.768
[1,  1320] loss_total: -72.728
[1,  1330] loss_total: -62.346
[1,  1340] loss_total: -79.764
[1,  1350] loss_total: -78.718
[1,  1360] loss_total: -74.143
[1,  1370] loss_total: -81.092
[1,  1380] loss_total: -73.235
[1,  1390] loss_total: -75.448
[1,  1400] loss_total: -99.991
[1,  1410] loss_total: -56.624
[1,  1420] loss_total: -59.662
[1,  1430] loss_total: -72.714
[1,  1440] loss_total: -112.671
[1,  1450] loss_total: -67.574
[1,  1460] loss_total: -75.502
[1,  1470] loss_total: -70.815
[1,  1480] loss_total: -73.195
[1,  1490] loss_total: -96.153
[1,  1500] loss_total: -78.318
[1,  1510] loss_total: -76.980
[1,  1520] loss_total: -83.471
[1,  1530] loss_total: -63.007
[1,  1540] loss_total: -81.936
[1,  1550] loss_total: -87.329
[1,  1560] loss_total: -85.805
[1,  1570] loss_total: -76.891
[1,  1580] loss_total: -62.152
[1,  1590] loss_total: -63.347
[1,  1600] loss_total: -102.905
[1,  1610] loss_total: -82.146
[1,  1620] loss_total: -94.364
[1,  1630] loss_total: -62.632
[1,  1640] loss_total: -103.764
[1,  1650] loss_total: -68.482
[1,  1660] loss_total: -72.359
[1,  1670] loss_total: -75.257
